{
  "RSpec": {
    "coverage": {
      "/mnt/c/Users/ashis/Documents/SE_project/plannxt_Spring2023/app/helpers/application_helper.rb": {
        "lines": [
          1,
          1,
          null,
          0,
          null,
          null,
          0,
          null,
          null,
          0,
          0,
          null,
          null,
          0,
          null,
          null,
          null
        ]
      },
      "/mnt/c/Users/ashis/Documents/SE_project/plannxt_Spring2023/app/helpers/event_steps_helper.rb": {
        "lines": [
          1,
          null
        ]
      },
      "/mnt/c/Users/ashis/Documents/SE_project/plannxt_Spring2023/app/helpers/password_resets_helper.rb": {
        "lines": [
          1,
          null
        ]
      },
      "/mnt/c/Users/ashis/Documents/SE_project/plannxt_Spring2023/app/helpers/passwords_helper.rb": {
        "lines": [
          1,
          null
        ]
      },
      "/mnt/c/Users/ashis/Documents/SE_project/plannxt_Spring2023/app/helpers/plan_model_helper.rb": {
        "lines": [
          1,
          null
        ]
      },
      "/mnt/c/Users/ashis/Documents/SE_project/plannxt_Spring2023/app/helpers/plan_models_helper.rb": {
        "lines": [
          1,
          null
        ]
      },
      "/mnt/c/Users/ashis/Documents/SE_project/plannxt_Spring2023/app/helpers/registrations_helper.rb": {
        "lines": [
          1,
          null
        ]
      },
      "/mnt/c/Users/ashis/Documents/SE_project/plannxt_Spring2023/app/helpers/sessions_helper.rb": {
        "lines": [
          1,
          null
        ]
      },
      "/mnt/c/Users/ashis/Documents/SE_project/plannxt_Spring2023/app/helpers/welcome_helper.rb": {
        "lines": [
          1,
          null
        ]
      },
      "/mnt/c/Users/ashis/Documents/SE_project/plannxt_Spring2023/app/controllers/event_steps_controller.rb": {
        "lines": [
          1,
          1,
          null,
          null,
          1,
          3,
          null,
          null,
          null,
          1,
          null,
          null,
          null,
          1,
          0,
          null,
          null,
          null,
          1,
          null,
          null,
          null,
          1,
          2,
          null,
          2,
          2,
          0,
          0,
          null,
          4,
          2,
          null,
          null,
          null,
          null,
          null,
          1,
          0,
          0,
          0,
          0,
          null,
          0,
          0,
          null,
          null,
          null,
          null,
          null,
          1,
          0,
          null,
          0,
          0,
          0,
          null,
          null,
          null,
          1,
          null,
          1,
          0,
          null,
          null,
          null,
          1,
          2,
          null,
          null
        ]
      },
      "/mnt/c/Users/ashis/Documents/SE_project/plannxt_Spring2023/app/controllers/application_controller.rb": {
        "lines": [
          1,
          1,
          1,
          null,
          11,
          null,
          1,
          null,
          1,
          null,
          null
        ]
      },
      "/mnt/c/Users/ashis/Documents/SE_project/plannxt_Spring2023/app/controllers/plan_models_controller.rb": {
        "lines": [
          1,
          1,
          1,
          null,
          1,
          0,
          0,
          0,
          null,
          null,
          null,
          1,
          0,
          null,
          null,
          null,
          1,
          0,
          0,
          null,
          null,
          1,
          0,
          0,
          null,
          null,
          null,
          1,
          null,
          0,
          null,
          0,
          null,
          0,
          null,
          null,
          0,
          null,
          null,
          null,
          null,
          null,
          null,
          null,
          null,
          null,
          null,
          null,
          0,
          0,
          0,
          0,
          0,
          0,
          0,
          0,
          null,
          0,
          0,
          0,
          0,
          0,
          0,
          0,
          0,
          0,
          null,
          0,
          0,
          0,
          0,
          0,
          null,
          null,
          1,
          null,
          0,
          null,
          0,
          0,
          null,
          null,
          null,
          0,
          null,
          null,
          null,
          1,
          0,
          0,
          0,
          0,
          null,
          0,
          null,
          null,
          null,
          1,
          0,
          null,
          null,
          null,
          null,
          1,
          0,
          0,
          null,
          null,
          null,
          null,
          null,
          null,
          null,
          null,
          1,
          0,
          0,
          null,
          null,
          null,
          1,
          0,
          0,
          null,
          null,
          0,
          null,
          null,
          0,
          null,
          0,
          null,
          null,
          null,
          1,
          null,
          null,
          null,
          0,
          0,
          null,
          0,
          0,
          null,
          0,
          null,
          null,
          null,
          1,
          0,
          0,
          0,
          null,
          0,
          null,
          null,
          1,
          0,
          0,
          0,
          null,
          0,
          null,
          null,
          null,
          1,
          1,
          0,
          0,
          null,
          0,
          null,
          null,
          null
        ]
      },
      "/mnt/c/Users/ashis/Documents/SE_project/plannxt_Spring2023/app/controllers/registrations_controller.rb": {
        "lines": [
          1,
          null,
          1,
          0,
          null,
          1,
          2,
          2,
          null,
          null,
          null,
          null,
          1,
          1,
          null,
          1,
          null,
          null,
          1,
          1,
          null,
          2,
          null,
          null
        ]
      },
      "/mnt/c/Users/ashis/Documents/SE_project/plannxt_Spring2023/app/controllers/sessions_controller.rb": {
        "lines": [
          1,
          1,
          1,
          2,
          2,
          0,
          null,
          null,
          null,
          2,
          null,
          1,
          1,
          null,
          1,
          null,
          null,
          1,
          null,
          null,
          null,
          1,
          null,
          1,
          1,
          null,
          null
        ]
      },
      "/mnt/c/Users/ashis/Documents/SE_project/plannxt_Spring2023/app/models/event_step.rb": {
        "lines": [
          1,
          1,
          null
        ]
      },
      "/mnt/c/Users/ashis/Documents/SE_project/plannxt_Spring2023/app/models/application_record.rb": {
        "lines": [
          1,
          1,
          null
        ]
      },
      "/mnt/c/Users/ashis/Documents/SE_project/plannxt_Spring2023/app/models/plan_model.rb": {
        "lines": [
          1,
          1,
          1,
          null
        ]
      },
      "/mnt/c/Users/ashis/Documents/SE_project/plannxt_Spring2023/app/models/current.rb": {
        "lines": [
          1,
          null,
          1,
          null
        ]
      },
      "/mnt/c/Users/ashis/Documents/SE_project/plannxt_Spring2023/app/models/user.rb": {
        "lines": [
          1,
          null,
          1,
          null,
          1,
          null,
          1,
          null
        ]
      },
      "/mnt/c/Users/ashis/Documents/SE_project/plannxt_Spring2023/app/channels/application_cable/channel.rb": {
        "lines": [
          0,
          0,
          0,
          0
        ],
        "branches": {
        }
      },
      "/mnt/c/Users/ashis/Documents/SE_project/plannxt_Spring2023/app/channels/application_cable/connection.rb": {
        "lines": [
          0,
          0,
          0,
          0
        ],
        "branches": {
        }
      },
      "/mnt/c/Users/ashis/Documents/SE_project/plannxt_Spring2023/app/controllers/password_resets_controller.rb": {
        "lines": [
          0,
          0,
          0,
          0,
          0,
          null,
          0,
          null,
          0,
          0,
          0,
          0,
          null,
          0,
          null,
          0,
          null,
          0,
          0,
          0,
          0,
          0,
          null,
          0,
          0,
          0,
          0,
          0,
          0,
          0,
          0,
          0,
          0,
          0,
          0
        ],
        "branches": {
        }
      },
      "/mnt/c/Users/ashis/Documents/SE_project/plannxt_Spring2023/app/controllers/passwords_controller.rb": {
        "lines": [
          0,
          null,
          0,
          0,
          0,
          null,
          0,
          0,
          0,
          0,
          0,
          0,
          0,
          0,
          0,
          0,
          0
        ],
        "branches": {
        }
      },
      "/mnt/c/Users/ashis/Documents/SE_project/plannxt_Spring2023/app/controllers/welcome_controller.rb": {
        "lines": [
          0,
          0,
          0,
          0
        ],
        "branches": {
        }
      },
      "/mnt/c/Users/ashis/Documents/SE_project/plannxt_Spring2023/app/jobs/application_job.rb": {
        "lines": [
          0,
          null,
          null,
          null,
          null,
          null,
          0
        ],
        "branches": {
        }
      },
      "/mnt/c/Users/ashis/Documents/SE_project/plannxt_Spring2023/app/mailers/application_mailer.rb": {
        "lines": [
          0,
          0,
          0,
          0
        ],
        "branches": {
        }
      },
      "/mnt/c/Users/ashis/Documents/SE_project/plannxt_Spring2023/app/mailers/password_mailer.rb": {
        "lines": [
          0,
          null,
          null,
          null,
          null,
          null,
          null,
          0,
          null,
          0,
          null,
          0,
          0,
          0
        ],
        "branches": {
        }
      },
      "/mnt/c/Users/ashis/Documents/SE_project/plannxt_Spring2023/app/mailers/welcome_mailer.rb": {
        "lines": [
          0,
          null,
          0,
          0,
          0,
          0,
          0,
          0
        ],
        "branches": {
        }
      }
    },
    "timestamp": 1680097596
  },
  "Cucumber Features": {
    "coverage": {
      "/Users/tian/Desktop/git/plannxt_Spring2023/app/controllers/sessions_controller.rb": [
        1,
        1,
        1,
        4,
        4,
        4,
        null,
        null,
        null,
        4,
        null,
        4,
        4,
        null,
        0,
        null,
        null,
        0,
        null,
        null,
        null,
        1,
        null,
        0,
        0,
        null,
        null
      ],
      "/Users/tian/Desktop/git/plannxt_Spring2023/app/controllers/application_controller.rb": [
        1,
        1,
        1,
        null,
        21,
        null,
        1,
        null,
        11,
        null,
        null
      ],
      "/Users/tian/Desktop/git/plannxt_Spring2023/app/helpers/application_helper.rb": [
        1,
        1,
        null,
        3,
        null,
        null,
        3,
        null,
        null,
        3,
        3,
        null,
        null,
        3,
        null,
        null,
        null
      ],
      "/Users/tian/Desktop/git/plannxt_Spring2023/app/helpers/event_steps_helper.rb": [
        1,
        null
      ],
      "/Users/tian/Desktop/git/plannxt_Spring2023/app/helpers/password_resets_helper.rb": [
        1,
        null
      ],
      "/Users/tian/Desktop/git/plannxt_Spring2023/app/helpers/passwords_helper.rb": [
        1,
        null
      ],
      "/Users/tian/Desktop/git/plannxt_Spring2023/app/helpers/plan_model_helper.rb": [
        1,
        null
      ],
      "/Users/tian/Desktop/git/plannxt_Spring2023/app/helpers/plan_models_helper.rb": [
        1,
        null
      ],
      "/Users/tian/Desktop/git/plannxt_Spring2023/app/helpers/registrations_helper.rb": [
        1,
        null
      ],
      "/Users/tian/Desktop/git/plannxt_Spring2023/app/helpers/sessions_helper.rb": [
        1,
        null
      ],
      "/Users/tian/Desktop/git/plannxt_Spring2023/app/helpers/welcome_helper.rb": [
        1,
        null
      ],
      "/Users/tian/Desktop/git/plannxt_Spring2023/app/models/current.rb": [
        1,
        null,
        1,
        null
      ],
      "/Users/tian/Desktop/git/plannxt_Spring2023/app/models/user.rb": [
        1,
        null,
        1,
        null,
        1,
        null,
        1,
        null
      ],
      "/Users/tian/Desktop/git/plannxt_Spring2023/app/models/application_record.rb": [
        1,
        1,
        null
      ],
      "/Users/tian/Desktop/git/plannxt_Spring2023/app/controllers/plan_models_controller.rb": [
        1,
        1,
        1,
        null,
        1,
        6,
        6,
        6,
        null,
        null,
        null,
        1,
        0,
        null,
        null,
        null,
        1,
        0,
        0,
        null,
        null,
        1,
        2,
        2,
        null,
        null,
        1,
        null,
        0,
        null,
        0,
        null,
        0,
        null,
        null,
        0,
        null,
        null,
        null,
        null,
        null,
        null,
        null,
        null,
        null,
        null,
        null,
        0,
        0,
        0,
        0,
        0,
        0,
        0,
        0,
        null,
        0,
        0,
        0,
        0,
        0,
        0,
        0,
        0,
        0,
        null,
        null,
        null,
        null,
        null,
        null,
        null,
        null,
        null,
        null,
        null,
        null,
        null,
        null,
        null,
        null,
        null,
        null,
        null,
        null,
        null,
        null,
        null,
        null,
        null,
        null,
        null,
        null,
        null,
        null,
        null,
        null,
        null,
        null,
        null,
        null,
        null,
        null,
        0,
        0,
        0,
        0,
        0,
        null,
        null,
        1,
        null,
        0,
        null,
        0,
        0,
        null,
        null,
        null,
        0,
        null,
        null,
        null,
        1,
        0,
        0,
        0,
        0,
        null,
        0,
        null,
        null,
        null,
        1,
        0,
        null,
        null,
        1,
        2,
        2,
        null,
        null,
        1,
        1,
        1,
        null,
        null,
        null,
        1,
        0,
        0,
        null,
        null,
        0,
        null,
        null,
        0,
        null,
        0,
        null,
        null,
        null,
        1,
        0,
        0,
        null,
        0,
        0,
        null,
        0,
        null,
        null,
        null,
        1,
        0,
        0,
        0,
        null,
        0,
        null,
        null,
        null,
        null,
        null,
        null,
        null,
        null,
        null,
        null,
        null,
        1,
        0,
        0,
        0,
        0,
        null,
        null,
        1,
        0,
        0,
        null,
        null,
        1,
        0,
        0,
        0,
        null,
        null,
        1,
        1,
        0,
        0,
        null,
        0,
        null,
        null,
        null
      ],
      "/Users/tian/Desktop/git/plannxt_Spring2023/app/models/plan_model.rb": [
        1,
        1,
        1,
        null
      ],
      "/Users/tian/Desktop/git/plannxt_Spring2023/app/models/event_step.rb": [
        1,
        1,
        null
      ],
      "/Users/tian/Desktop/git/plannxt_Spring2023/app/controllers/registrations_controller.rb": [
        1,
        null,
        1,
        1,
        null,
        1,
        1,
        1,
        null,
        null,
        null,
        null,
        1,
        1,
        null,
        0,
        null,
        null,
        1,
        1,
        null,
        1,
        null,
        null
      ],
      "/Users/tian/Desktop/git/plannxt_Spring2023/app/channels/application_cable/channel.rb": [
        0,
        0,
        0,
        0
      ],
      "/Users/tian/Desktop/git/plannxt_Spring2023/app/channels/application_cable/connection.rb": [
        0,
        0,
        0,
        0
      ],
      "/Users/tian/Desktop/git/plannxt_Spring2023/app/controllers/event_steps_controller.rb": [
        0,
        0,
        0,
        0,
        0,
        0,
        0,
        0,
        0,
        0,
        0,
        0,
        0,
        0,
        0,
        0,
        0,
        0,
        0,
        0,
        0,
        0,
        0,
        0,
        0,
        0,
        0,
        0,
        0,
        0,
        0,
        0,
        0,
        0,
        0,
        0,
        0,
        0,
        0,
        0,
        0,
        0,
        0,
        0,
        0,
        0,
        0,
        0,
        0,
        0,
        0,
        0,
        0,
        0,
        0,
        0,
        0,
        0,
        0,
        0,
        0,
        0,
        0,
        0,
        0,
        0,
        0,
        0,
        0,
        0
      ],
      "/Users/tian/Desktop/git/plannxt_Spring2023/app/controllers/password_resets_controller.rb": [
        0,
        0,
        0,
        0,
        0,
        0,
        0,
        0,
        0,
        0,
        0,
        0,
        0,
        0,
        0,
        0,
        0,
        0,
        0,
        0,
        0,
        0,
        0,
        0,
        0,
        0,
        0,
        0,
        0,
        0,
        0,
        0,
        0,
        0,
        0
      ],
      "/Users/tian/Desktop/git/plannxt_Spring2023/app/controllers/passwords_controller.rb": [
        0,
        0,
        0,
        0,
        0,
        0,
        0,
        0,
        0,
        0,
        0,
        0,
        0,
        0,
        0,
        0,
        0
      ],
      "/Users/tian/Desktop/git/plannxt_Spring2023/app/controllers/welcome_controller.rb": [
        0,
        0,
        0,
        0
      ],
      "/Users/tian/Desktop/git/plannxt_Spring2023/app/jobs/application_job.rb": [
        0,
        0,
        0,
        0,
        0,
        0,
        0
      ],
      "/Users/tian/Desktop/git/plannxt_Spring2023/app/mailers/application_mailer.rb": [
        0,
        0,
        0,
        0
      ],
      "/Users/tian/Desktop/git/plannxt_Spring2023/app/mailers/password_mailer.rb": [
        0,
        0,
        0,
        0,
        0,
        0,
        0,
        0,
        0,
        0,
        0,
        0,
        0,
        0
      ],
      "/Users/tian/Desktop/git/plannxt_Spring2023/app/mailers/welcome_mailer.rb": [
        0,
        0,
        0,
        0,
        0,
        0,
        0,
        0
      ]
    },
    "timestamp": 1680318553
  }
}
